<?xml version="1.0" encoding="UTF-8"?>
<!-- Generated by org.testng.reporters.JUnitReportReporter -->
<testsuite hostname="DESKTOP-KF77M1R" failures="0" tests="4" name="tests.PlaceTests" time="10.185" errors="0" timestamp="2025-05-29T00:37:16 IST" skipped="0">
  <testcase classname="tests.PlaceTests" name="testAddPlace" time="1.863"/>
  <testcase classname="tests.PlaceTests" name="testGetPlace" time="1.416"/>
  <testcase classname="tests.PlaceTests" name="testUpdatePlace" time="4.623"/>
  <testcase classname="tests.PlaceTests" name="testDeletePlace" time="2.283"/>
</testsuite> <!-- tests.PlaceTests -->
